Loading required package: Matrix
Running complexity sweep: 4 configs × 500 seeds
[[1]]
 [1] "performance" "lme4"        "Matrix"      "stats"       "graphics"   
 [6] "grDevices"   "utils"       "datasets"    "methods"     "base"       

[[2]]
 [1] "performance" "lme4"        "Matrix"      "stats"       "graphics"   
 [6] "grDevices"   "utils"       "datasets"    "methods"     "base"       

[[3]]
 [1] "performance" "lme4"        "Matrix"      "stats"       "graphics"   
 [6] "grDevices"   "utils"       "datasets"    "methods"     "base"       

[[4]]
 [1] "performance" "lme4"        "Matrix"      "stats"       "graphics"   
 [6] "grDevices"   "utils"       "datasets"    "methods"     "base"       

[[5]]
 [1] "performance" "lme4"        "Matrix"      "stats"       "graphics"   
 [6] "grDevices"   "utils"       "datasets"    "methods"     "base"       

[[6]]
 [1] "performance" "lme4"        "Matrix"      "stats"       "graphics"   
 [6] "grDevices"   "utils"       "datasets"    "methods"     "base"       

[[7]]
 [1] "performance" "lme4"        "Matrix"      "stats"       "graphics"   
 [6] "grDevices"   "utils"       "datasets"    "methods"     "base"       

[[8]]
 [1] "performance" "lme4"        "Matrix"      "stats"       "graphics"   
 [6] "grDevices"   "utils"       "datasets"    "methods"     "base"       

[[9]]
 [1] "performance" "lme4"        "Matrix"      "stats"       "graphics"   
 [6] "grDevices"   "utils"       "datasets"    "methods"     "base"       

[[10]]
 [1] "performance" "lme4"        "Matrix"      "stats"       "graphics"   
 [6] "grDevices"   "utils"       "datasets"    "methods"     "base"       

[[11]]
 [1] "performance" "lme4"        "Matrix"      "stats"       "graphics"   
 [6] "grDevices"   "utils"       "datasets"    "methods"     "base"       

[[12]]
 [1] "performance" "lme4"        "Matrix"      "stats"       "graphics"   
 [6] "grDevices"   "utils"       "datasets"    "methods"     "base"       

[[13]]
 [1] "performance" "lme4"        "Matrix"      "stats"       "graphics"   
 [6] "grDevices"   "utils"       "datasets"    "methods"     "base"       

[[14]]
 [1] "performance" "lme4"        "Matrix"      "stats"       "graphics"   
 [6] "grDevices"   "utils"       "datasets"    "methods"     "base"       

[[15]]
 [1] "performance" "lme4"        "Matrix"      "stats"       "graphics"   
 [6] "grDevices"   "utils"       "datasets"    "methods"     "base"       

[[16]]
 [1] "performance" "lme4"        "Matrix"      "stats"       "graphics"   
 [6] "grDevices"   "utils"       "datasets"    "methods"     "base"       

[[17]]
 [1] "performance" "lme4"        "Matrix"      "stats"       "graphics"   
 [6] "grDevices"   "utils"       "datasets"    "methods"     "base"       

[[18]]
 [1] "performance" "lme4"        "Matrix"      "stats"       "graphics"   
 [6] "grDevices"   "utils"       "datasets"    "methods"     "base"       

[[19]]
 [1] "performance" "lme4"        "Matrix"      "stats"       "graphics"   
 [6] "grDevices"   "utils"       "datasets"    "methods"     "base"       

[[20]]
 [1] "performance" "lme4"        "Matrix"      "stats"       "graphics"   
 [6] "grDevices"   "utils"       "datasets"    "methods"     "base"       

[[21]]
 [1] "performance" "lme4"        "Matrix"      "stats"       "graphics"   
 [6] "grDevices"   "utils"       "datasets"    "methods"     "base"       

[[22]]
 [1] "performance" "lme4"        "Matrix"      "stats"       "graphics"   
 [6] "grDevices"   "utils"       "datasets"    "methods"     "base"       

[[23]]
 [1] "performance" "lme4"        "Matrix"      "stats"       "graphics"   
 [6] "grDevices"   "utils"       "datasets"    "methods"     "base"       

[[24]]
 [1] "performance" "lme4"        "Matrix"      "stats"       "graphics"   
 [6] "grDevices"   "utils"       "datasets"    "methods"     "base"       

[[25]]
 [1] "performance" "lme4"        "Matrix"      "stats"       "graphics"   
 [6] "grDevices"   "utils"       "datasets"    "methods"     "base"       

[[26]]
 [1] "performance" "lme4"        "Matrix"      "stats"       "graphics"   
 [6] "grDevices"   "utils"       "datasets"    "methods"     "base"       

[[27]]
 [1] "performance" "lme4"        "Matrix"      "stats"       "graphics"   
 [6] "grDevices"   "utils"       "datasets"    "methods"     "base"       

  config = ri_only ( (1 | subject_new) ) ... done
  config = rs_X1 ( (1 + X1 | subject_new) ) ... done
  config = rs_X1_X2 ( (1 + X1 + X2 | subject_new) ) ... done
  config = rs_X1_X2_X3 ( (1 + X1 + X2 + X3 | subject_new) ) ... done
Saved 2000 rows → results/complexity_sweep.csv 
